<?xml version="1.0" encoding="UTF-8"?>
<testng-results skipped="0" failed="0" ignored="0" total="2" passed="2">
  <reporter-output>
  </reporter-output>
  <suite name="Default suite" duration-ms="74" started-at="2020-01-29T17:03:02 IST" finished-at="2020-01-29T17:03:02 IST">
    <groups>
    </groups>
    <test name="Default test" duration-ms="74" started-at="2020-01-29T17:03:02 IST" finished-at="2020-01-29T17:03:02 IST">
      <class name="day1.DataProviders">
        <test-method status="PASS" signature="f(java.lang.String, java.lang.String)[pri:0, instance:day1.DataProviders@3b084709]" name="f" duration-ms="8" started-at="2020-01-29T17:03:02 IST" data-provider="credentials" finished-at="2020-01-29T17:03:02 IST">
          <params>
            <param index="0">
              <value>
                <![CDATA[demo]]>
              </value>
            </param>
            <param index="1">
              <value>
                <![CDATA[Password]]>
              </value>
            </param>
          </params>
          <reporter-output>
          </reporter-output>
        </test-method> <!-- f -->
        <test-method status="PASS" signature="f(java.lang.String, java.lang.String)[pri:0, instance:day1.DataProviders@3b084709]" name="f" duration-ms="3" started-at="2020-01-29T17:03:02 IST" data-provider="credentials" finished-at="2020-01-29T17:03:02 IST">
          <params>
            <param index="0">
              <value>
                <![CDATA[demo2]]>
              </value>
            </param>
            <param index="1">
              <value>
                <![CDATA[Pasword]]>
              </value>
            </param>
          </params>
          <reporter-output>
          </reporter-output>
        </test-method> <!-- f -->
      </class> <!-- day1.DataProviders -->
    </test> <!-- Default test -->
  </suite> <!-- Default suite -->
</testng-results>
